38
 energy: -69.057155995015 gnorm: 0.075739542193 xtb: 6.4.1 (bd6e46d)
C        -2.76690000000000   -4.21770000000000    2.99010000000000
C        -3.44170000000000   -3.33230000000000    2.15420000000000
C        -2.73160000000000   -2.37690000000000    1.42230000000000
C        -1.33060000000000   -2.29710000000000    1.50720000000000
C        -0.66970000000000   -3.19370000000000    2.36830000000000
C        -1.38120000000000   -4.14730000000000    3.09940000000000
C        -0.50160000000000   -1.25450000000000    0.75220000000000
C        -0.34440000000000    0.04630000000000    1.53850000000000
C        -1.44630000000000    0.85370000000000    1.87200000000000
C        -1.27240000000000    2.04110000000000    2.58850000000000
C         0.00470000000000    2.43560000000000    2.97740000000000
C         1.11010000000000    1.65350000000000    2.65610000000000
C         0.93650000000000    0.46530000000000    1.94150000000000
Cl        0.21780000000000    3.89880000000000    3.85660000000000
S        -1.09270000000000   -0.95470000000000   -0.95870000000000
C         0.29910000000000   -0.18290000000000   -1.64920000000000
N         1.54380000000000   -0.38020000000000   -1.26670000000000
N         2.33390000000000    0.41410000000000   -2.06950000000000
C         1.52210000000000    1.03950000000000   -2.90340000000000
O         0.20940000000000    0.69640000000000   -2.69230000000000
C         1.95060000000000    1.96320000000000   -3.90840000000000
C         3.23850000000000    2.38110000000000   -4.20660000000000
C         3.14570000000000    3.30020000000000   -5.27960000000000
C         1.80960000000000    3.39550000000000   -5.58030000000000
O         1.08050000000000    2.59570000000000   -4.76240000000000
H        -3.32130000000000   -4.95910000000000    3.55940000000000
H        -4.52460000000000   -3.38270000000000    2.07210000000000
H        -3.29350000000000   -1.69690000000000    0.78620000000000
H         0.41250000000000   -3.15330000000000    2.47930000000000
H        -0.85270000000000   -4.83280000000000    3.75690000000000
H         0.48990000000000   -1.70960000000000    0.62970000000000
H        -2.45330000000000    0.56760000000000    1.57690000000000
H        -2.13660000000000    2.65090000000000    2.83800000000000
H         2.10870000000000    1.96150000000000    2.95400000000000
H         1.81560000000000   -0.12710000000000    1.69120000000000
H         4.13710000000000    2.05360000000000   -3.70020000000000
H         3.95180000000000    3.82680000000000   -5.77130000000000
H         1.24320000000000    3.95820000000000   -6.30980000000000
38
 energy: -69.064971058949 gnorm: 0.030024426798 xtb: 6.4.1 (bd6e46d)
C        -2.75842656200642   -4.19552182167458    2.97640902450855
C        -3.42323861520131   -3.31205950112003    2.14230256749243
C        -2.71544307888417   -2.36078112881423    1.41855306214583
C        -1.32752514948485   -2.28277882220635    1.51048739756584
C        -0.67282622024515   -3.17832536563952    2.35684663555758
C        -1.37981221127455   -4.12340239820256    3.08439386293421
C        -0.48069134760388   -1.25701126262695    0.77107630708441
C        -0.33916614704200    0.04023193781448    1.54204765976239
C        -1.43553223894978    0.83717319974019    1.86849697868574
C        -1.27040083882884    2.01824023281019    2.57683701921720
C         0.00028820468871    2.41563142477474    2.96498342974374
C         1.10300596203940    1.63910264414051    2.64495399775278
C         0.92995188698415    0.46123409288208    1.93490160195255
Cl        0.21063064521650    3.88200415527816    3.84549462257968
S        -1.10658418809515   -0.90252672289826   -0.92941972575497
C         0.30041020680383   -0.16666851741618   -1.62908588971799
N         1.53356845969293   -0.34741212817886   -1.24997962849920
N         2.31049371477988    0.41932038020326   -2.05824626522546
C         1.51492124423078    1.03019908766067   -2.89558630965131
O         0.20848107636587    0.69557314146083   -2.67591804531811
C         1.94744304539465    1.95074068140174   -3.90330616102108
C         3.23102685109618    2.36584529103937   -4.19444052843398
C         3.12833446915148    3.28053511169064   -5.26099891082625
C         1.79755260974985    3.36912001733632   -5.55414329492023
O         1.07399916535602    2.57366505446580   -4.74347731927427
H        -3.31089716328011   -4.93715653364782    3.53935034745589
H        -4.50043495423390   -3.36371460456577    2.05526408735751
H        -3.26149025001673   -1.69263046940001    0.76586700767791
H         0.40429766554767   -3.13992232973783    2.45802782625801
H        -0.85208610634452   -4.80845991078991    3.73483493620414
H         0.51411032440988   -1.68970825321187    0.62094378361419
H        -2.43273805568046    0.54687024748823    1.56821844910292
H        -2.12876643052011    2.62729205588747    2.82442427138971
H         2.09429281475720    1.95033708403463    2.94322873488722
H         1.80060052185793   -0.12769034450438    1.68055563517672
H         4.12324888877031    2.04423306308126   -3.69311443824043
H         3.92725326386952    3.80565070382361   -5.74979708586876
H         1.24214853692923    3.93257050762097   -6.28138564335510
38
 energy: -69.067520388109 gnorm: 0.010718348763 xtb: 6.4.1 (bd6e46d)
C        -2.74881472620160   -4.16706141490761    2.95989556619506
C        -3.40510320804056   -3.28445605730873    2.12148662064198
C        -2.69447993078526   -2.34244850621241    1.39597377741786
C        -1.31317760600714   -2.27265162678044    1.49595401466422
C        -0.66235253481245   -3.16269792374658    2.34268975802641
C        -1.37156886858536   -4.10002286041528    3.06948887368660
C        -0.46663567475416   -1.25373815649923    0.77136487337153
C        -0.32838832593068    0.02955232672188    1.54590346781536
C        -1.42723952879557    0.81522295956256    1.86739914172173
C        -1.27094874352330    1.99585750216589    2.56795440956913
C        -0.00303694859112    2.39869072032302    2.95506430903983
C         1.10417323091413    1.63054640055970    2.63678559460479
C         0.93542150334400    0.45479951887757    1.93173601034588
Cl        0.19961642357294    3.86993916007030    3.83554691260423
S        -1.13524269974351   -0.85389204462670   -0.91689890282378
C         0.29139710084127   -0.14546614008322   -1.59915382975300
N         1.51770089497886   -0.31994809830731   -1.21612918374899
N         2.28787659783560    0.42589144480233   -2.02308132515282
C         1.50461220703511    1.02250853735855   -2.87175748252101
O         0.20088973423053    0.69487834012634   -2.65614122671429
C         1.94060486706584    1.93280590681029   -3.88798118625644
C         3.22184360341569    2.34395101150741   -4.17537889929859
C         3.10796080673429    3.25631411598365   -5.24045565771303
C         1.77752710467849    3.33573788151691   -5.52644444662788
O         1.06371810511401    2.54146769661827   -4.71900538476640
H        -3.30363069084270   -4.90568634965565    3.51936443954214
H        -4.47951440177712   -3.33347142340331    2.02893153503833
H        -3.22540340017164   -1.67420643105765    0.73478937953217
H         0.41234646158732   -3.12406389138706    2.43754423221246
H        -0.84660621241315   -4.78554209837016    3.71759225621144
H         0.52606769161183   -1.67309174522974    0.58862579649518
H        -2.41697497495381    0.51536484633834    1.56097903238448
H        -2.12701322655735    2.60431391509731    2.81229007729458
H         2.08973040882836    1.95057316012323    2.93393159711561
H         1.80190276450098   -0.13043903959795    1.66916274376478
H         4.11100727106119    2.02610180313667   -3.67611054113665
H         3.90144411339828    3.78278411922302   -5.72855774570622
H         1.23029081173779    3.90138244066575   -6.25375860707662
38
 energy: -69.068353879519 gnorm: 0.009663058860 xtb: 6.4.1 (bd6e46d)
C        -2.74406007580994   -4.14592391615875    2.94493554812953
C        -3.39536005122891   -3.26481934451362    2.10045098477152
C        -2.67915992250485   -2.32862503050890    1.37436204616302
C        -1.29868064995746   -2.26606041309445    1.48274541875052
C        -0.65000126719928   -3.15460692604579    2.33244839423418
C        -1.36579766893499   -4.08641635923883    3.05899884466950
C        -0.45831768915686   -1.25042836710486    0.76140609743803
C        -0.31537017288416    0.02464316524383    1.54145323109103
C        -1.42035359320167    0.80040375796631    1.86654443223046
C        -1.27091543441801    1.98101473712185    2.56722086449102
C        -0.00355195816757    2.38904066755675    2.95209506845300
C         1.10972866924447    1.62896355575757    2.63345554347819
C         0.94764556389628    0.45343959742833    1.92604364573264
Cl        0.19111277656435    3.86448663837262    3.83045874820778
S        -1.15905040721773   -0.82851846146327   -0.91370519251391
C         0.27792339435178   -0.13395168741791   -1.57635135385187
N         1.50079404893854   -0.29494474103927   -1.17184403220164
N         2.27500490408707    0.43472918354808   -1.98302827648340
C         1.49835361606490    1.01654016697684   -2.84908895252115
O         0.19437287700716    0.69129518489635   -2.64295068827555
C         1.93456834420306    1.91670343136935   -3.87215154765610
C         3.21433802382853    2.32937474679593   -4.15916104943110
C         3.09246683316767    3.23769658455856   -5.22805576511238
C         1.75991320042410    3.30980994275638   -5.50977866580966
O         1.05347909970662    2.51663983407961   -4.69865054769195
H        -3.30389067097650   -4.87809232212816    3.50647692044296
H        -4.46958880597950   -3.30860118188759    2.00429217515343
H        -3.19868087857435   -1.66119452935859    0.70276953013871
H         0.42475229738604   -3.11541931427335    2.42550044333744
H        -0.84534582356652   -4.77137884960901    3.71086879640723
H         0.53051036886379   -1.66449347175882    0.54970294828760
H        -2.40662378095887    0.48940351091566    1.55955891149893
H        -2.12849963990346    2.58702622368719    2.81099148728036
H         2.09265189072569    1.95755183263768    2.92917025794370
H         1.81415607398572   -0.12997112390117    1.65904905642142
H         4.10389726021452    2.01374424417707   -3.65939595936234
H         3.88294735611550    3.76582510270523   -5.71837419739370
H         1.21463189186491    3.87491393095111   -6.23886316644734
38
 energy: -69.068735368186 gnorm: 0.006920221347 xtb: 6.4.1 (bd6e46d)
C        -2.74358759001377   -4.12771153571821    2.93275918320198
C        -3.39051920095891   -3.25053964023815    2.07998325155163
C        -2.66693411214737   -2.32211333633572    1.35143910352621
C        -1.28620264167881   -2.26394415295795    1.47017431258560
C        -0.64055156298287   -3.14979365116900    2.32601958502001
C        -1.36454639803418   -4.07594481635785    3.05276103207606
C        -0.45290395556004   -1.24803056310311    0.74910936395120
C        -0.30167029298380    0.02147152923448    1.53628136006908
C        -1.41236695984259    0.78862566240853    1.86824536441397
C        -1.26876048686469    1.96892957281634    2.57118864553960
C        -0.00126463841290    2.38287331613306    2.95076801800113
C         1.11704319882035    1.63038612143410    2.62979377322312
C         0.96155588103534    0.45402639123198    1.91955837386051
Cl        0.18585417011318    3.86022890304473    3.82909131094935
S        -1.17581017427934   -0.81289792858286   -0.91265603761958
C         0.26359684791834   -0.12199083153439   -1.55603815322711
N         1.48335306944332   -0.27174040698047   -1.12949137683095
N         2.26583852349691    0.45326150298940   -1.93760333888942
C         1.49617156250670    1.01602787951329   -2.82544363145536
O         0.19182521627189    0.68392005166850   -2.63722023021276
C         1.93100484073276    1.90457235546605   -3.85580859166163
C         3.20875663489535    2.32108286863040   -4.14649898693090
C         3.07916524903563    3.22277473453064   -5.22143463014908
C         1.74439375747159    3.28628315350789   -5.50062588120520
O         1.04477426562232    2.49305997111157   -4.68358377376896
H        -3.30928304105266   -4.85347426287805    3.49689996286821
H        -4.46491192370218   -3.28967758036468    1.97881664614986
H        -3.17613239913389   -1.65437373369122    0.67134542548018
H         0.43475501335743   -3.11012722956173    2.41952192761469
H        -0.84987960605546   -4.76113646573570    3.70957223161329
H         0.53142600921574   -1.65885166946175    0.51355906925117
H        -2.39639360339637    0.46715625667211    1.56296357128437
H        -2.12962213921287    2.56924078917593    2.81938890764713
H         2.09837148000599    1.96604890270574    2.92463778545234
H         1.82975995183562   -0.12543278741158    1.64630265769539
H         4.09976938241249    2.00902398754903   -3.64508349424893
H         3.86660362181234    3.75210730553437   -5.71620224064707
H         1.19732205030955    3.84647933672423   -6.23289049617902
38
 energy: -69.068851866996 gnorm: 0.004755640141 xtb: 6.4.1 (bd6e46d)
C        -2.74681665147814   -4.12121791474308    2.92743808281151
C        -3.39118646785871   -3.24777900060599    2.06869411008044
C        -2.66322115016485   -2.32314695461112    1.33981410430104
C        -1.28254964231773   -2.26465354990595    1.46559835083699
C        -0.63955517163004   -3.14817916554031    2.32606520070267
C        -1.36809389612892   -4.07168156991974    3.05238890078863
C        -0.45065781401061   -1.24838922220841    0.74325250602692
C        -0.29484338367171    0.01976011125102    1.53430589449756
C        -1.40737103321371    0.78296008409883    1.87200400419630
C        -1.26595018440396    1.96238618406247    2.57721508713226
C         0.00187401364256    2.37980330376281    2.95214390845149
C         1.12161700363845    1.63162917051162    2.62646284862402
C         0.96868100793188    0.45501201462614    1.91468898284361
Cl        0.18634384117748    3.85741910125968    3.83057542486821
S        -1.17827397286529   -0.80896051257496   -0.91175010355784
C         0.25825969022073   -0.11696047095287   -1.55022648710745
N         1.47519100300459   -0.25576128712868   -1.10863238706691
N         2.26326682137979    0.46850785415753   -1.91460599980211
C         1.49824473642714    1.02137756575351   -2.81249559415831
O         0.19371530800827    0.68329305091706   -2.63511610961832
C         1.93167902461245    1.90325053525948   -3.84725853414701
C         3.20769316359952    2.32215018320956   -4.14328150479273
C         3.07366598151753    3.21655464459451   -5.22384307540348
C         1.73809107562754    3.27407060582696   -5.50213970370914
O         1.04174508468842    2.48461652985513   -4.67746806502913
H        -3.31582209525989   -4.84286142087653    3.49405771085046
H        -4.46537486293157   -3.28575898116278    1.96329992586875
H        -3.16742274799231   -1.65723788545615    0.65391783335442
H         0.43575535860037   -3.10768649209394    2.42264928802662
H        -0.85739515978767   -4.75570894523300    3.71388206625349
H         0.53127555541232   -1.65903263586791    0.50178552918593
H        -2.39092240146725    0.45701284652677    1.56953667905600
H        -2.12889086060239    2.55819046671002    2.83033361212562
H         2.10280751674856    1.97050781386041    2.91920282681205
H         1.83826886540834   -0.12102271080219    1.63761696034806
H         4.09981840735259    2.01445557464651   -3.64007361956245
H         3.85886845964437    3.74552073318128   -5.72309024262699
H         1.18748557714201    3.82736034561225   -6.23734841146104
38
 energy: -69.068953971496 gnorm: 0.004024034961 xtb: 6.4.1 (bd6e46d)
C        -2.75316022245382   -4.11714260861389    2.92360196825515
C        -3.39426474088235   -3.24887225023818    2.05714782209621
C        -2.66197722011175   -2.32779810398520    1.32831428075876
C        -1.28186521138139   -2.26687736418541    1.46231725940950
C        -0.64261576331230   -3.14658846637850    2.32920108621826
C        -1.37538202834928   -4.06740522661118    3.05516875113788
C        -0.44831530167189   -1.25047190963621    0.73950591439029
C        -0.28912842405648    0.01673608951891    1.53473508170855
C        -1.40237274625807    0.77624051930076    1.87938538897683
C        -1.26203170478696    1.95467988908982    2.58650969979701
C         0.00637400924960    2.37617896912172    2.95489689433419
C         1.12647454145516    1.63224759438596    2.62201261863790
C         0.97474419273511    0.45542290821834    1.90958405543519
Cl        0.18971244589151    3.85325560644951    3.83396585808110
S        -1.17574776059402   -0.80576999682252   -0.90921603675620
C         0.25593849040036   -0.10773806567290   -1.54468313661958
N         1.46955395695479   -0.23784534295259   -1.09157541927624
N         2.26225090396688    0.48988719596783   -1.89226412939417
C         1.50278297649905    1.03223662054206   -2.79970280487958
O         0.19830767960933    0.68531340344443   -2.63452635901892
C         1.93472286112243    1.90725487521745   -3.83977299486570
C         3.20842490668963    2.32850743335300   -4.14321171234994
C         3.06965428248775    3.21121345931706   -5.23241695291316
C         1.73354662141356    3.26236273934954   -5.50892045901099
O         1.04076498383950    2.47807991346034   -4.67513374065515
H        -3.32513812383726   -4.83555065198574    3.49178964899938
H        -4.46779507932450   -3.28758092865793    1.94574899795402
H        -3.16182063846891   -1.66497316781834    0.63638533201080
H         0.43228175443047   -3.10495859231817    2.43129375861779
H        -0.86889325768865   -4.74944777403955    3.72211339548726
H         0.53216457113977   -1.66217486689590    0.49770952510962
H        -2.38603601986330    0.44715197935531    1.58082153591252
H        -2.12672208614174    2.54554239888850    2.84580858087606
H         2.10813602925464    1.97420408686288    2.91025553661048
H         1.84581818405675   -0.11590173905531    1.62757656766614
H         4.10193774237202    2.02763578555828   -3.63775874589168
H         3.85207569657225    3.73783411309833   -5.73877091223646
H         1.17759949904233    3.80491147536732   -6.24829615461303
38
 energy: -69.069045982082 gnorm: 0.004746302204 xtb: 6.4.1 (bd6e46d)
C        -2.76140830009371   -4.11544086288448    2.92056185903954
C        -3.39852546786398   -3.25246341789529    2.04594456535283
C        -2.66271174795666   -2.33387433978154    1.31773628968980
C        -1.28366748841945   -2.26940585961523    1.46018362103377
C        -0.64877894741677   -3.14436580861371    2.33459917174866
C        -1.38485251259540   -4.06302655369409    3.05999829026513
C        -0.44611815165072   -1.25357234114470    0.73847117091701
C        -0.28512829777686    0.01234586092817    1.53761040450621
C        -1.39828149426589    0.76824140232103    1.88967000234793
C        -1.25777029905807    1.94586385993470    2.59784616392282
C         0.01139296715187    2.37150985633341    2.95883318043197
C         1.13122200507278    1.63149804199634    2.61743852718275
C         0.97918405547911    0.45463032000427    1.90519526531764
Cl        0.19522415493332    3.84780091463545    3.83852059985093
S        -1.17001617072472   -0.80339871728522   -0.90635304705072
C         0.25769103275664   -0.09662987905438   -1.53994741269635
N         1.46782064394801   -0.21469936137508   -1.07467730109482
N         2.26281716312360    0.51439478177189   -1.87321189559318
C         1.50832388982998    1.04577708788365   -2.78956390958170
O         0.20413402324769    0.69046852371705   -2.63369613149942
C         1.93895568697021    1.91474957300529   -3.83532502520858
C         3.21027997706377    2.33757456685036   -4.14637165886523
C         3.06691431016024    3.20711786384435   -5.24511399427967
C         1.73062188817803    3.25076032362497   -5.52027039056281
O         1.04135338297517    2.47396968501441   -4.67611884787638
H        -3.33578793892619   -4.83179351222588    3.48904024293239
H        -4.47108864984717   -3.29351091753703    1.92767424761403
H        -3.15921069465188   -1.67495555716903    0.61997333710509
H         0.42531519361690   -3.10134990622009    2.44375780717195
H        -0.88209771061361   -4.74183355920047    3.73299829443241
H         0.53419369763587   -1.66741497704767    0.50016843225198
H        -2.38265886248800    0.43693704695565    1.59617192529004
H        -2.12329510925460    2.53260515160092    2.86330880016903
H         2.11376596066127    1.97638108858371    2.89918561253841
H         1.85123084177877   -0.11198690781123    1.61769192415194
H         4.10534868109026    2.04540587190205   -3.63858106498284
H         3.84642002419817    3.73032603024568   -5.75943764529470
H         1.16918826373228    3.78116462740159   -6.26431141067767
38
 energy: -69.069148822408 gnorm: 0.004564752933 xtb: 6.4.1 (bd6e46d)
C        -2.77206393916448   -4.11460070009597    2.91665348504024
C        -3.40367481505038   -3.25756426175057    2.03228773499583
C        -2.66430688921356   -2.34080498395103    1.30544266595230
C        -1.28682906181375   -2.27201193467996    1.45818421228641
C        -0.65748715817557   -3.14089509446012    2.34230896584608
C        -1.39692911748547   -4.05742409963362    3.06672157401512
C        -0.44352675244447   -1.25748119546379    0.73964741161791
C        -0.28153801791471    0.00629498329151    1.54259711777530
C        -1.39449287072525    0.75744329506221    1.90396895480875
C        -1.25294100105448    1.93437813320179    2.61274041015212
C         0.01724656920866    2.36488981756627    2.96443653018215
C         1.13677215239372    1.62936319628873    2.61286602309162
C         0.98347791447555    0.45268677534825    1.90104508010793
Cl        0.20263100169234    3.84049316502736    3.84446908766357
S        -1.16180879443340   -0.80065542131324   -0.90354359200262
C         0.26302645852080   -0.08038566247574   -1.53216538340501
N         1.46974532077914   -0.18523687443487   -1.05666231460624
N         2.26470542462026    0.54594535456008   -1.85311980221575
C         1.51449673367683    1.06302781997464   -2.77994008914979
O         0.21125805114422    0.69739113039934   -2.63226144932356
C         1.94369024002241    1.92494189262483   -3.83304595502838
C         3.21245508402836    2.34915623854084   -4.15167344494171
C         3.06408282662394    3.20245801087536   -5.26231596801158
C         1.72762560583224    3.23685098923728   -5.53610950316323
O         1.04268352250561    2.46866861146782   -4.68089880394848
H        -3.34907921590457   -4.82942689147629    3.48421780984164
H        -4.47500738826047   -3.30213954727478    1.90553930357067
H        -3.15742507261058   -1.68669184725802    0.60096961718709
H         0.41539894424509   -3.09560889703686    2.46084264717030
H        -0.89806347543839   -4.73124331252164    3.74746956107446
H         0.53735964783634   -1.67421853732890    0.50628565821205
H        -2.38008968371519    0.42345969709413    1.61760536334824
H        -2.11860978996341    2.51727144288615    2.88538631959150
H         2.12043490140916    1.97771403930550    2.88599915215278
H         1.85588649271388   -0.10919784974382    1.60660248427258
H         4.10954005262727    2.06855177247905   -3.64118376953642
H         3.84038118141713    3.72115757603882   -5.78580890149003
H         1.16097491759552    3.75324316962898   -6.28595819313366
38
 energy: -69.069254941579 gnorm: 0.003875594909 xtb: 6.4.1 (bd6e46d)
C        -2.78491917814194   -4.11353734142642    2.91090116544813
C        -3.40926481058298   -3.26323454956151    2.01496095087316
C        -2.66571988424005   -2.34797077408591    1.29026360998555
C        -1.29022011468727   -2.27429350857977    1.45600052061186
C        -0.66788240884176   -3.13584381180673    2.35231454366567
C        -1.41141935724180   -4.05017936107269    3.07494636234542
C        -0.44020717627778   -1.26155373197966    0.74269009770844
C        -0.27764053291693   -0.00081457464356    1.54931370789898
C        -1.39067227332527    0.74405656625366    1.92234379139605
C        -1.24755264739875    1.92035607156044    2.63171071512909
C         0.02388804712146    2.35651803280063    2.97206376768119
C         1.14341024759856    1.62632158530049    2.60916643734282
C         0.98840614068250    0.45009736247660    1.89752736984717
Cl        0.21130236741954    3.83160563507267    3.85231868905294
S        -1.15134399554541   -0.79828602948841   -0.90183504764305
C         0.27181999146188   -0.06214589008187   -1.52240191683856
N         1.47539010550839   -0.14873358485354   -1.03579675922182
N         2.26799382471414    0.58297947095492   -1.83316453982885
C         1.52039965914271    1.08303021376338   -2.77095709548203
O         0.21923664458638    0.70527981267477   -2.62922506365618
C         1.94754528298410    1.93652454866584   -3.83287603609237
C         3.21377508220902    2.36216949920241   -4.15845954143654
C         3.06025808581170    3.19705542299426   -5.28261731936246
C         1.72369790179675    3.21950218235199   -5.55633981496353
O         1.04356250128919    2.46170886335100   -4.68878511908366
H        -3.36529787071527   -4.82722177620927    3.47617604252518
H        -4.47914639673998   -3.31219709612655    1.87768259581737
H        -3.15478893700486   -1.69904878342360    0.57817704334757
H         0.40344491338236   -3.08702276531085    2.48248404922287
H        -0.91701974516661   -4.71752857124158    3.76522744225928
H         0.54120359831793   -1.68162609010314    0.51397440135701
H        -2.37772636058405    0.40625108315467    1.64513828889760
H        -2.11293877886966    2.49919597948875    2.91337372450538
H         2.12815521714213    1.97860664059298    2.87266157387903
H         1.86047870975283   -0.10733683767979    1.59447427004408
H         4.11325798052011    2.09579973257652   -3.64477784188781
H         3.83334917920818    3.71082998538665   -5.81540728365358
H         1.15318498763098    3.72048638905187   -6.31364778169122
38
 energy: -69.069344414459 gnorm: 0.003397896634 xtb: 6.4.1 (bd6e46d)
C        -2.79807705549804   -4.11192774696764    2.90308797978578
C        -3.41421217808204   -3.26837355720918    1.99521380647222
C        -2.66578112401518   -2.35409559246555    1.27385754981911
C        -1.29242678967498   -2.27566677738120    1.45424641802165
C        -0.67798181216877   -3.12994720713365    2.36334960021657
C        -1.42645510066696   -4.04235912528223    3.08304623497560
C        -0.43589704525232   -1.26472259127523    0.74715097795037
C        -0.27315599314689   -0.00716848969361    1.55681644641387
C        -1.38668996336041    0.73063291177862    1.94218953734193
C        -1.24226434865354    1.90610401408719    2.65283380075918
C         0.03024780475169    2.34792847418826    2.98179043413061
C         1.15023867372105    1.62358967438792    2.60804405027027
C         0.99395809303656    0.44816716973719    1.89574111783107
Cl        0.21919089167418    3.82288167141146    3.86205545655246
S        -1.14005356453022   -0.79577862918104   -0.90088065835362
C         0.28198850666314   -0.04543061565995   -1.51210468315808
N         1.48346630327632   -0.11539438752509   -1.01902279483900
N         2.27191340999679    0.61864840006504   -1.81736052679869
C         1.52456357638171    1.10228230395378   -2.76402313454195
O         0.22660865884259    0.71191463432055   -2.62535975716345
C         1.94899133519733    1.94705957452284   -3.83464738747172
C         3.21307340374316    2.37485828779372   -4.16494630949798
C         3.05546582744731    3.19139966923038   -5.30242323105784
C         1.71897839856935    3.20112882839987   -5.57768994211262
O         1.04311599903925    2.45281576214653   -4.69935776549947
H        -3.38257574970469   -4.82444271643874    3.46541775340190
H        -4.48251548146776   -3.32166290201610    1.84628830983880
H        -3.14989082723741   -1.71015424390668    0.55361155263983
H         0.39158452434988   -3.07646661791183    2.50612766264909
H        -0.93724852726010   -4.70276796823452    3.78373120668119
H         0.54544080912448   -1.68764916613771    0.52107115851167
H        -2.37488068458073    0.38804915396931    1.67442218533071
H        -2.10731953863668    2.48066071657132    2.94430943873497
H         2.13569733908804    1.97986736438415    2.86288860199761
H         1.86521722456634   -0.10560565428105    1.58390715373527
H         4.11464217253360    2.12326034654530   -3.64751043450325
H         3.82604715549460    3.70085931688894   -5.84275249544688
H         1.14699567643991    3.68730571431818   -6.34351931361701
38
 energy: -69.069416306903 gnorm: 0.003077138047 xtb: 6.4.1 (bd6e46d)
C        -2.81047290434053   -4.10955061585224    2.89381905017085
C        -3.41804079674065   -3.27248915442722    1.97434805673556
C        -2.66408040697404   -2.35904457390406    1.25723727805769
C        -1.29304048264822   -2.27605778129838    1.45303088330247
C        -0.68700379273957   -3.12361580254091    2.37448955651272
C        -1.44109660772328   -4.03441095918943    3.09025557023846
C        -0.43063462260402   -1.26636749982622    0.75236038186312
C        -0.26801835492987   -0.01177904256664    1.56483707547677
C        -1.38225282922500    0.71887349013303    1.96197143076615
C        -1.23718772147676    1.89315607561776    2.67475159850928
C         0.03597816611253    2.34033172472186    2.99349714112109
C         1.15670696377440    1.62197499544222    2.61005419174789
C         0.99991510849308    0.44766894540162    1.89624406906874
Cl        0.22544233381818    3.81496867191069    3.87447906059455
S        -1.12887869230127   -0.79325732040745   -0.89997261729175
C         0.29192245180638   -0.03384034560696   -1.50420726383504
N         1.49230656956885   -0.08773069609050   -1.00634156394334
N         2.27575264224032    0.64808591050712   -1.80788822551573
C         1.52653926010941    1.11785938111246   -2.76048419233839
O         0.23245643662040    0.71565136175552   -2.62263578008379
C         1.94774521844459    1.95499263018124   -3.83839765775797
C         3.21007597195560    2.38633378168350   -4.17059625141694
C         3.05002046255478    3.18644321698641   -5.31955547529715
C         1.71405132287386    3.18321035939907   -5.59857634370717
O         1.04119832335305    2.44254850635308   -4.71203710580002
H        -3.39953203383884   -4.82121537954012    3.45244954036184
H        -4.48455810885615   -3.32977301755731    1.81316943136946
H        -3.14234858676718   -1.71922758802748    0.52925264225658
H         0.38065127953510   -3.06513823496087    2.52982048113935
H        -0.95785017274379   -4.68871478591168    3.80078604281054
H         0.55007861506867   -1.69138549178629    0.52728217833220
H        -2.37095441342389    0.37134226511268    1.70232798293880
H        -2.10212937133285    2.46304388510394    2.97593356490968
H         2.14244458535278    1.98194254985970    2.85816529354134
H         1.87037294667680   -0.10278913548966    1.57620275127293
H         4.11279572412643    2.14875582948862   -3.64853843886381
H         3.81895949841979    3.69307022587249   -5.86469644439834
H         1.14266601776152    3.65593361833990   -6.37323789284841
38
 energy: -69.069482696909 gnorm: 0.003007367504 xtb: 6.4.1 (bd6e46d)
C        -2.82330849810049   -4.10649732647504    2.88195650828176
C        -3.42106770740652   -3.27611017321041    1.95022909040543
C        -2.66036688069100   -2.36327540723175    1.23911985827601
C        -1.29214691668614   -2.27537117840525    1.45259787362219
C        -0.69592097934617   -3.11621960496913    2.38690311709578
C        -1.45686950119496   -4.02572144812861    3.09709153756442
C        -0.42374366707294   -1.26661568603780    0.75868392672320
C        -0.26152298342420   -0.01484697200770    1.57415124219701
C        -1.37666078384451    0.70800326976271    1.98330377660656
C        -1.23179042728458    1.88038098178444    2.69961805255396
C         0.04156035858054    2.33307363503992    3.00905565085096
C         1.16333110455008    1.62161681691204    2.61553894201282
C         1.00692010876423    0.44902699102760    1.89892035653416
Cl        0.23042632672857    3.80680969005042    3.89206752026615
S        -1.11707323206714   -0.78995530926239   -0.89784119051412
C         0.30178994293925   -0.02533370014398   -1.49767374835540
N         1.50198937747574   -0.06638486265618   -0.99952014108737
N         2.27963122664629    0.67275724405844   -1.80419197395130
C         1.52679784417326    1.13061025974168   -2.76007458490216
O         0.23707680534024    0.71774883410801   -2.62057843064887
C         1.94417988327769    1.96072417446680   -3.84452527119356
C         3.20477519903636    2.39796794035323   -4.17607208705947
C         3.04357946274092    3.18206725008001   -5.33579103659602
C         1.70874097895615    3.16408459164491   -5.62114556964780
O         1.03798388540183    2.42958119290122   -4.72826648602628
H        -3.41781135335234   -4.81722899524098    3.43614334619471
H        -4.48527991449177   -3.33749830411630    1.77486516094490
H        -3.13117766661935   -1.72766743605912    0.50240154729269
H         0.36939437243526   -3.05224390726702    2.55630369855525
H        -0.98119311755993   -4.67401581918841    3.81823059172658
H         0.55609977810239   -1.69316545567877    0.53388147409009
H        -2.36537354857204    0.35509287675642    1.73105772455071
H        -2.09696686553255    2.44461447106139    3.01088030507219
H         2.14902053611275    1.98548373341888    2.85796108221088
H         1.87691635572283   -0.09751358079960    1.57073190214951
H         4.10752992059340    2.17517410637220   -3.64747999238045
H         3.81132380804954    3.68764979815198   -5.88349064896304
H         1.13920676762004    3.62299730918551   -6.40544312445192
38
 energy: -69.069543499770 gnorm: 0.002981597291 xtb: 6.4.1 (bd6e46d)
C        -2.83715069923589   -4.10220878254514    2.86706941706839
C        -3.42333775957102   -3.27913921566780    1.92165134487181
C        -2.65441047814479   -2.36715233712444    1.21821873079431
C        -1.28982196735671   -2.27355341626804    1.45245522835506
C        -0.70529533283838   -3.10707807891739    2.40084358303061
C        -1.47458330752077   -4.01537105160625    3.10375410643954
C        -0.41519507669371   -1.26536045442893    0.76555284771734
C        -0.25319159828533   -0.01651525248190    1.58486119760862
C        -1.36935788279784    0.69746128553871    2.00706017043198
C        -1.22553585330070    1.86691958222193    2.72861700234240
C         0.04759785905750    2.32559360311547    3.02938854922274
C         1.17057550440135    1.62242833761817    2.62426224533501
C         1.01540678271926    0.45245595988915    1.90308986432696
Cl        0.23474049434841    3.79685477728457    3.91727141832934
S        -1.10477715052594   -0.78585105644762   -0.89396704919862
C         0.31130138527496   -0.01931040978783   -1.49268661714704
N         1.51181603819690   -0.04634545151816   -0.99344642958445
N         2.28344845659255    0.69443604517964   -1.80361236899976
C         1.52597201587957    1.14005093744371   -2.76260163549416
O         0.24071850946622    0.71683016038827   -2.62119248876871
C         1.93890104625181    1.96356763785300   -3.85327970174175
C         3.19723173725871    2.41053670462738   -4.18149088219743
C         3.03568309975008    3.17812908764380   -5.35196789868410
C         1.70275434589174    3.14244185254277   -5.64614311099571
O         1.03377652258191    2.41167306845118   -4.74906550115623
H        -3.43805129207711   -4.81217386555362    3.41551749705231
H        -4.48447609125034   -3.34499345426017    1.72950229147395
H        -3.11572490151701   -1.73580370246957    0.47185936225808
H         0.35706529790184   -3.03739630810820    2.58645017441462
H        -1.00849360726034   -4.65794290101904    3.83620072554453
H         0.56373214219962   -1.69311700919359    0.54089529048252
H        -2.35766019942962    0.33887672961365    1.76151830231321
H        -2.09141290850209    2.42400669727998    3.05083231395399
H         2.15594283561240    1.99053857326636    2.86165612612824
H         1.88561811644450   -0.08851968493505    1.56592323739331
H         4.09873956549023    2.20408650210847   -3.64397308966960
H         3.80213299973785    3.68486492068496   -5.90049410559553
H         1.13532135125107    3.58587996958085   -6.44093014765566
38
 energy: -69.069592723639 gnorm: 0.003761457059 xtb: 6.4.1 (bd6e46d)
C        -2.85048939518102   -4.09782825979718    2.85086550622949
C        -3.42438960870810   -3.28198283952803    1.89179985902602
C        -2.64691502491382   -2.37058239186237    1.19721688412875
C        -1.28656214333406   -2.27077423737400    1.45305411340419
C        -0.71452253124727   -3.09685425387084    2.41545941149059
C        -1.49250139076917   -4.00436375029667    3.11005939650080
C        -0.40607031494347   -1.26274525657617    0.77261758083888
C        -0.24436468754731   -0.01660923736873    1.59619046689140
C        -1.36157282952663    0.68835214534270    2.03080734585926
C        -1.21955452632227    1.85411306551661    2.75887605061745
C         0.05288673165448    2.31857378386141    3.05308857582228
C         1.17708110867390    1.62446207841247    2.63576215131188
C         1.02388522419702    0.45782811327503    1.90862389702584
Cl        0.23743017680352    3.78565734089121    3.94866921348104
S        -1.09337551316582   -0.78044913791056   -0.88793679804281
C         0.31966143946562   -0.01461661434428   -1.48920732536769
N         1.52127704060093   -0.03511199825229   -0.99533096957596
N         2.28743980943042    0.70686091376414   -1.81065500869706
C         1.52485427551621    1.14567954176716   -2.76804950258721
O         0.24315818792443    0.71780283526207   -2.62059622427346
C         1.93331802754833    1.96375669509111   -3.86404783456310
C         3.18893440653140    2.42237548116075   -4.18783485802145
C         3.02767160450118    3.17570823973654   -5.36705978778144
C         1.69745446032709    3.12068569405507   -5.67147311044601
O         1.02978379307969    2.39237658270641   -4.77108476221963
H        -3.45791443207044   -4.80720152839116    3.39301908281574
H        -4.48183853303057   -3.35264903157118    1.68186825910893
H        -3.09792752115723   -1.74373969663591    0.44084757154558
H         0.34434699894882   -3.02149058014146    2.61849237265536
H        -1.03698634239239   -4.64125265171006    3.85409873765905
H         0.57230486290733   -1.69142812283907    0.54859737540922
H        -2.34923244536258    0.32450687214982    1.79063511867120
H        -2.08647674428910    2.40338035609816    3.09147287812803
H         2.16189961562086    1.99688846570127    2.86905944313497
H         1.89504851516711   -0.07618752969565    1.56263480505713
H         4.08797308704701    2.23209827261831   -3.64027933362860
H         3.79252702477810    3.68615334294559   -5.91459515191710
H         1.13175759323872    3.54840729780894   -6.47606542969144
38
 energy: -69.069629838636 gnorm: 0.003420420744 xtb: 6.4.1 (bd6e46d)
C        -2.85948279365420   -4.09377585328218    2.83788907567476
C        -3.42402115371979   -3.28334555241290    1.86897279834019
C        -2.64032678841417   -2.37250674042041    1.18127244428965
C        -1.28370410379578   -2.26760331624255    1.45316149895295
C        -0.72120559199922   -3.08788343793149    2.42558679869423
C        -1.50551663224617   -3.99503445103147    3.11359467591195
C        -0.39959640383186   -1.25943692778707    0.77649375108939
C        -0.23739494520322   -0.01557486164915    1.60422394940891
C        -1.35527744526389    0.68241525475857    2.04810390479311
C        -1.21503400481705    1.84444436474604    2.78231977683233
C         0.05669147034701    2.31276741755574    3.07334459767381
C         1.18158034062873    1.62620524776743    2.64573527445148
C         1.03021509388838    0.46302254160061    1.91251373067288
Cl        0.23895652948883    3.77471697271969    3.97779922540558
S        -1.08696304638722   -0.77457428183516   -0.88199523889746
C         0.32403380151542   -0.01130921447878   -1.48800005219034
N         1.52652524246452   -0.02577210452448   -0.99386983192234
N         2.29027749129484    0.71404860110916   -1.81400528680444
C         1.52481716807334    1.14543008296372   -2.77393587270376
O         0.24437452477459    0.71527311288669   -2.62433318780473
C         1.93006302903139    1.96006872566659   -3.87357731722294
C         3.18264190770165    2.43087102854137   -4.19232324639032
C         3.02113542692344    3.17419921035984   -5.37763516626377
C         1.69352619374388    3.10377428654104   -5.68940171636813
O         1.02760841053755    2.37327249818025   -4.78929010666119
H        -3.47148379777298   -4.80289232323232    3.37512549279540
H        -4.47817444324502   -3.35770692837827    1.64575747841537
H        -3.08319734757052   -1.74912173256763    0.41762767599282
H         0.33461981096066   -3.00880332736879    2.64155010981855
H        -1.05831395206853   -4.62807607432853    3.86567846778543
H         0.57856005839466   -1.68866052507591    0.55278357969324
H        -2.34230709533717    0.31528659442377    1.81062056582885
H        -2.08295205763924    2.38732675250715    3.12237015666863
H         2.16585380162989    2.00171164588778    2.87664551753756
H         1.90259636721491   -0.06439892544495    1.55952098335642
H         4.07910781049012    2.25249471710504   -3.63688880162998
H         3.78392897899315    3.68947302618043   -5.92380694807054
H         1.12783814487011    3.51947449649025   -6.50002875715348
38
 energy: -69.069662330128 gnorm: 0.002643456162 xtb: 6.4.1 (bd6e46d)
C        -2.86453381030146   -4.09092271844194    2.82814718194614
C        -3.42240144609373   -3.28472384143451    1.85221994739841
C        -2.63494092403006   -2.37371490514779    1.16987835415609
C        -1.28150706886865   -2.26389563663873    1.45333092232765
C        -0.72584253827301   -3.07926100353968    2.43303729836312
C        -1.51404571493449   -3.98677050258776    3.11606270286083
C        -0.39562451375712   -1.25502990071020    0.77856357125442
C        -0.23297107992022   -0.01309414441141    1.61019968127281
C        -1.35126887251120    0.67979801008639    2.06025006850588
C        -1.21260263140222    1.83799680905628    2.80049345211309
C         0.05839719041417    2.30827533829161    3.09167989523425
C         1.18354588016494    1.62793789577241    2.65570175683005
C         1.03372799293547    0.46840232684628    1.91623689205267
Cl        0.23885076021062    3.76380706098122    4.00660194347407
S        -1.08479715428493   -0.76709025603957   -0.87565986117727
C         0.32577184156814   -0.00883502835411   -1.48902321276395
N         1.52955775745240   -0.02725216099373   -0.99978726282984
N         2.29330459581117    0.70769919910944   -1.82426507755342
C         1.52640864486517    1.14085334731528   -2.78096117961457
O         0.24496192947983    0.71626590447142   -2.62598792875063
C         1.92956066161354    1.95433012231970   -3.88223062054034
C         3.17894764606258    2.43573678575042   -4.19727107396063
C         3.01646914005945    3.17500387276890   -5.38446310339037
C         1.69151115731712    3.09138515745566   -5.70206114295989
O         1.02766223903913    2.35756773540225   -4.80244145492503
H        -3.47914349591921   -4.80065279384016    3.36126768199097
H        -4.47364445162723   -3.36273515673665    1.61906273555840
H        -3.07226792162791   -1.75323866309052    0.40130696920634
H         0.32726170786930   -2.99714043529194    2.65907597837600
H        -1.07276015294949   -4.61672059103758    3.87376117310112
H         0.58278614590486   -1.68452974231177    0.55535468802717
H        -2.33782931860646    0.31140953252744    1.82298806310124
H        -2.08137064458853    2.37592740583455    3.14547862334064
H         2.16730311082340    2.00529302820612    2.88579483176029
H         1.90737999881839   -0.05289061792867    1.55774865249467
H         4.07307685130209    2.26585031863165   -3.63622978115941
H         3.77661112382936    3.69670591559818   -5.92840065267131
H         1.12445536415585    3.49805233211056   -6.51586071244959
38
 energy: -69.069683746315 gnorm: 0.001928663538 xtb: 6.4.1 (bd6e46d)
C        -2.86904373643955   -4.08835051569193    2.81953457948896
C        -3.42164452583407   -3.28680096415017    1.83655969804628
C        -2.63158629831375   -2.37512664042159    1.15846075222564
C        -1.28073631210233   -2.25979248322547    1.45249516098642
C        -0.73041765828163   -3.06965967171468    2.43973151988035
C        -1.52133185197117   -3.97780821650697    3.11887344185977
C        -0.39330546643812   -1.25047781420600    0.77924496948368
C        -0.22969197081501   -0.01109413492125    1.61512287448188
C        -1.34831329608981    0.67690954874068    2.07212111561468
C        -1.21028681864340    1.83101076843078    2.81857201362658
C         0.06062395945362    2.30237187002792    3.10932606762939
C         1.18583490040009    1.62804867226246    2.66417399309785
C         1.03657925090082    0.47248581034521    1.91830395786220
Cl        0.24059168772810    3.75115455653027    4.03474217136616
S        -1.08414659575687   -0.75775020381523   -0.87048172837600
C         0.32746274843530   -0.00412563563192   -1.48955886001082
N         1.53187962693835   -0.02512751337810   -1.00147879292004
N         2.29694108632416    0.70503747113440   -1.82858210532294
C         1.53047273817926    1.13673468111404   -2.78644665613112
O         0.24720704430258    0.71682662123885   -2.62867573058577
C         1.93178263146513    1.94867729670210   -3.88983351111902
C         3.17748752021415    2.44131823791790   -4.20168630960882
C         3.01166376072651    3.17552618329796   -5.39212533976638
C         1.68876991392727    3.07786499402906   -5.71454947563833
O         1.02894299589408    2.34016192810199   -4.81476101647212
H        -3.48543364048433   -4.79891615567840    3.34931527235846
H        -4.47052715270425   -3.36922260015336    1.59423480850203
H        -3.06487531862499   -1.75829795282701    0.38460622878967
H         0.32041184690039   -2.98371554829484    2.67518816351702
H        -1.08434446680684   -4.60368731021307    3.88259473356118
H         0.58517233377915   -1.68056491016778    0.55589935847004
H        -2.33490208374871    0.30783287506598    1.83554781215689
H        -2.07952566452199    2.36468673801261    3.16914700864208
H         2.16946394928831    2.00670035799251    2.89272816718688
H         1.91077710967337   -0.04339146466968    1.55341998727140
H         4.07091742411398    2.28141350857517   -3.63590629905664
H         3.76812879901325    3.70358873090583   -5.93496432366266
H         1.11900152992003    3.47535888524074   -6.53129370743479
38
 energy: -69.069702949046 gnorm: 0.002352672591 xtb: 6.4.1 (bd6e46d)
C        -2.86771985747021   -4.08683704965576    2.81465475422241
C        -3.41940240940284   -3.29022001908315    1.82752729340815
C        -2.63116633764267   -2.37619040160934    1.15078640336541
C        -1.28248063948796   -2.25366032759618    1.44972138367890
C        -0.73316864148382   -3.05735945641905    2.44205809358459
C        -1.52236714738033   -3.96776767578451    3.11987937275595
C        -0.39628896601740   -1.24265673464387    0.77691237080884
C        -0.23088344334242   -0.00684409885369    1.61788404728198
C        -1.34918006689284    0.67796886730905    2.07999038654050
C        -1.21055214428866    1.82677290999223    2.83406179197856
C         0.06069307498373    2.29610318396553    3.12752590758240
C         1.18522148321119    1.62670678199225    2.67431265971383
C         1.03521213614242    0.47640000363824    1.92044115465810
Cl        0.24178121333398    3.73573674962894    4.06642731487733
S        -1.08921276275471   -0.74361978828469   -0.86754928206814
C         0.32728618997035   -0.00019400162322   -1.49331670246668
N         1.53271937846878   -0.03115850307865   -1.00674096244943
N         2.30232456173337    0.68901829739633   -1.83760313419364
C         1.53846066436061    1.12538370293987   -2.79506371266423
O         0.25062345392734    0.71694746906470   -2.63330209460403
C         1.93888659188961    1.93799765387716   -3.89857852359039
C         3.17985774806842    2.44281637482790   -4.20753630579417
C         3.00853770364693    3.17809221735461   -5.39651184043300
C         1.68783927272923    3.06791790970899   -5.72071696452993
O         1.03400221746847    2.32185967913184   -4.82355614940584
H        -3.48251761826614   -4.79979937515393    3.34267920285104
H        -4.46639509066792   -3.37858201152253    1.58059342469689
H        -3.06466889407439   -1.76303161790768    0.37450072868469
H         0.31562670347880   -2.96560116818053    2.68315883704988
H        -1.08558170035724   -4.58854364639358    3.88764196851208
H         0.58204899064871   -1.67284508540926    0.55148440710396
H        -2.33610327769327    0.31067796131511    1.84158626501092
H        -2.07937739025387    2.35803348377436    3.18897364508373
H         2.16895239718167    2.00479788586221    2.90289986412793
H         1.90883155092502   -0.03537968322268    1.54909176221445
H         4.07382342437966    2.29098698367260   -3.64120379068553
H         3.75992858352314    3.71537914501653   -5.93698643068045
H         1.11440904740637    3.46049338395285   -6.53652714622709
38
 energy: -69.069714688303 gnorm: 0.001912080707 xtb: 6.4.1 (bd6e46d)
C        -2.86834324991922   -4.08607007969239    2.81229783607834
C        -3.41961552708210   -3.29301332026317    1.82163044207056
C        -2.63206196167226   -2.37780618123070    1.14515457399276
C        -1.28418347042648   -2.25115319009152    1.44782253794895
C        -0.73531452875230   -3.05113282566737    2.44399464231707
C        -1.52384277987349   -3.96231977590586    3.12167333348084
C        -0.39771657440707   -1.23966674571598    0.77636516437044
C        -0.23157622685705   -0.00585844836686    1.61966371492803
C        -1.34967572524917    0.67686481483058    2.08616861666672
C        -1.21007876700715    1.82342660165572    2.84357548573527
C         0.06168548112037    2.29231991095893    3.13582769850094
C         1.18599647377500    1.62517912850780    2.67816845944481
C         1.03505909956055    0.47711951853379    1.92104321442240
Cl        0.24386544897909    3.72896405285016    4.07904086693615
S        -1.08981571687932   -0.73719906865801   -0.86811916050606
C         0.32895157524517    0.00270702483664   -1.49346753118219
N         1.53441836858688   -0.03002141954174   -1.00697874419301
N         2.30517278459164    0.68783203547789   -1.83875619265124
C         1.54221679147744    1.12456143203227   -2.79652348348163
O         0.25357488755135    0.71796397525454   -2.63403740454557
C         1.94192700124322    1.93605701104877   -3.90121474536113
C         3.18107690437493    2.44543755927098   -4.21009740968454
C         3.00689957373672    3.17806887570988   -5.40089284458124
C         1.68668012687991    3.06107925419796   -5.72643226115562
O         1.03587020340504    2.31411810437994   -4.82792672874542
H        -3.48267907122640   -4.79984790837372    3.33995167014307
H        -4.46605463837544   -3.38469036805479    1.57200074009721
H        -3.06567002441950   -1.76690712383743    0.36668648070588
H         0.31276922869828   -2.95556079205194    2.68783288679074
H        -1.08702218014908   -4.58002898748769    3.89216876516846
H         0.58014105634134   -1.67010115739536    0.54956000587398
H        -2.33691169802127    0.30964355732344    1.84861471595876
H        -2.07839658744999    2.35347054439045    3.20211702829522
H         2.17000267620038    2.00303762685923    2.90594445761279
H         1.90782914267160   -0.03364001018698    1.54596739401214
H         4.07618882449401    2.29930574974250   -3.64340691246662
H         3.75629580580693    3.71775061499733   -5.94170919932254
H         1.11233727302853    3.44991000966167   -6.54410811367480
38
 energy: -69.069728168354 gnorm: 0.001843464501 xtb: 6.4.1 (bd6e46d)
C        -2.86263277827444   -4.08628825596763    2.81374256594915
C        -3.41901202976415   -3.29853814628965    1.82183682298491
C        -2.63737330297487   -2.38009154968269    1.14169003066007
C        -1.28987112557932   -2.24629275774603    1.44273876093950
C        -0.73590137426781   -3.04130800857272    2.44041782188139
C        -1.51843677477612   -3.95504023510989    3.12152261379264
C        -0.40561399135182   -1.23306139777087    0.77264197811761
C        -0.23800603858263   -0.00270353575503    1.61928387747754
C        -1.35479099068703    0.67899744302061    2.09092613629150
C        -1.21196916081530    1.82184711634721    2.85362346135371
C         0.06106111190343    2.28729565962923    3.14552836214940
C         1.18423349018156    1.62087398768517    2.68389717206213
C         1.03022159161787    0.47670026490224    1.92167318622072
Cl        0.24671299411550    3.71976312603393    4.09431933996065
S        -1.09542330244674   -0.72516911961550   -0.87419918535555
C         0.32957000968372    0.00482201360639   -1.49593451478307
N         1.53503126924733   -0.03422314314352   -1.00915436342741
N         2.30956829825051    0.68071648728419   -1.84002822705173
C         1.54924964180257    1.12059081153582   -2.79879021931599
O         0.25857923409344    0.71937155171065   -2.63616846100646
C         1.94932356140687    1.93135328582752   -3.90384553009537
C         3.18625844595530    2.44506986658734   -4.21395348652136
C         3.00781052061590    3.17731153239327   -5.40483196672297
C         1.68768007867509    3.05548074289575   -5.72882067278976
O         1.04132618937798    2.30630234067608   -4.82968079717593
H        -3.47277767308025   -4.80181211978716    3.34428867042734
H        -4.46569597607703   -3.39639624129257    1.57440594014897
H        -3.07570342801864   -1.77268619609366    0.36245400637730
H         0.31197204639676   -2.93770835238862    2.68213355067848
H        -1.07696537481541   -4.56757823091503    3.89363200518416
H         0.57105201228458   -1.66300535394965    0.54154396742289
H        -2.34277063017706    0.31344556175979    1.85364373516302
H        -2.07843071964749    2.35202198307422    3.21682654614285
H         2.16905570107297    1.99603673111614    2.91249821333074
H         1.90039660817641   -0.03553611616346    1.54242046008484
H         4.08428887325155    2.30461661857996   -3.65041091273401
H         3.75477501705398    3.71999445160502   -5.94588602602593
H         1.11320797617389    3.44462718397210   -6.54638486179610
38
 energy: -69.069733688547 gnorm: 0.000744701019 xtb: 6.4.1 (bd6e46d)
C        -2.86155474557272   -4.08602986668670    2.81361676760189
C        -3.41829260714726   -3.29879826607136    1.82160444309024
C        -2.63695181314209   -2.38053216461219    1.14126593014306
C        -1.28978322978592   -2.24595038749167    1.44242917001948
C        -0.73529967535324   -3.04070174418530    2.43996386610034
C        -1.51745844298481   -3.95450538713188    3.12120965338724
C        -0.40611360992623   -1.23219285579355    0.77195392074580
C        -0.23863607627648   -0.00170280553072    1.61885300615699
C        -1.35503890474007    0.67935123045931    2.09150284630929
C        -1.21218471338127    1.82156558552068    2.85506623416259
C         0.06069833184656    2.28718848446192    3.14712322397978
C         1.18358714307159    1.62094655946683    2.68466358076304
C         1.02952449266526    0.47753858874760    1.92145561960685
Cl        0.24644702333531    3.71897947018022    4.09713353206396
S        -1.09650365856234   -0.72467872850453   -0.87419690163916
C         0.32809163870584    0.00424701545108   -1.49685647988524
N         1.53333892815140   -0.03407863529467   -1.00954540340082
N         2.30813514446400    0.68033399782714   -1.84097835030577
C         1.54763999836390    1.12170608354205   -2.79878633883500
O         0.25711412355135    0.72090794360925   -2.63680281654221
C         1.94849102160119    1.93209391597869   -3.90374977358413
C         3.18618711554329    2.44418910074034   -4.21421600444434
C         3.00937974323744    3.17552031826969   -5.40532207518701
C         1.68900392943710    3.05566699564176   -5.72917092725102
O         1.04087997344575    2.30814800174998   -4.82977665461163
H        -3.47144637174204   -4.80159392915894    3.34433304030172
H        -4.46476143105896   -3.39714657543406    1.57429151876592
H        -3.07499999985802   -1.77348966580026    0.36213249586278
H         0.31260507753922   -2.93711634484098    2.68118184745806
H        -1.07600857076645   -4.56742761521294    3.89281322928649
H         0.57087104892235   -1.66166408815399    0.54119006135919
H        -2.34295813479551    0.31382306969327    1.85428626548221
H        -2.07863396157484    2.35062420815102    3.21919781145866
H         2.16854310630551    1.99565559977617    2.91389028480338
H         1.90010232140808   -0.03397655662177    1.54217814664937
H         4.08346240984420    2.30232054649057   -3.65022861909429
H         3.75743669740246    3.71643131516680   -5.94690946214560
H         1.11508667782758    3.44414758560017   -6.54719668863228
38
 energy: -69.069737895611 gnorm: 0.000680280349 xtb: 6.4.1 (bd6e46d)
C        -2.85954250673629   -4.08600777805687    2.81341627327112
C        -3.41718789212174   -3.29950009819122    1.82133231979133
C        -2.63655319315856   -2.38093884921111    1.14069051472866
C        -1.28949926380230   -2.24530328103413    1.44164827505434
C        -0.73394320408322   -3.03969667320561    2.43886462608640
C        -1.51537272402426   -3.95386357795621    3.12043358607760
C        -0.40698435078246   -1.23063040437636    0.77067942100824
C        -0.23962817476468   -0.00053836871143    1.61865102132242
C        -1.35575792014100    0.67968370508535    2.09274255688258
C        -1.21286664785999    1.82086251620123    2.85792868429952
C         0.05992627273083    2.28650733643599    3.15020553805191
C         1.18259373994316    1.62094425169138    2.68615545980633
C         1.02852726054226    0.47860013063678    1.92140032841480
Cl        0.24582602579459    3.71702841788733    4.10226007792363
S        -1.09870437197164   -0.72301368679614   -0.87419063504925
C         0.32517021205280    0.00554269739883   -1.49740223459477
N         1.53071317933399   -0.03462934039596   -1.01134199369864
N         2.30568040813934    0.68092796295607   -1.84194532797383
C         1.54498806707482    1.12346866477373   -2.79897316910787
O         0.25455059061756    0.72351862453190   -2.63767652135635
C         1.94732812587336    1.93305396775222   -3.90389699491430
C         3.18641055874836    2.44182061144529   -4.21472199093194
C         3.01207382032401    3.17235983471052   -5.40632155726259
C         1.69144660894969    3.05566917541532   -5.73049441508349
O         1.04087057975151    2.31063556920562   -4.83073759035487
H        -3.46893438260650   -4.80152882134912    3.34476344406819
H        -4.46354515665771   -3.39878910401268    1.57428677246458
H        -3.07468874059495   -1.77445486757892    0.36137113974484
H         0.31392804137807   -2.93537848074598    2.67977770767434
H        -1.07376353309047   -4.56656763478690    3.89203327739208
H         0.57033699529372   -1.65928541231746    0.53972364436402
H        -2.34373304231618    0.31433059259502    1.85552680485208
H        -2.07946361879308    2.34870274826925    3.22323678564669
H         2.16764669860643    1.99535645777350    2.91575241340551
H         1.89956021606118   -0.03158147005522    1.54136978701616
H         4.08258742909136    2.29755310398705   -3.64963406029652
H         3.76171448385340    3.71072711833431   -5.94833951757098
H         1.11828940934585    3.44421436169375   -6.54897445115222
